This file contains any messages produced by compilers while
running configure, to aid debugging if configure makes a mistake.

It was created by lmfit configure 3:2:0, which was
generated by GNU Autoconf 2.67.  Invocation command line was

  $ ./configure 

## --------- ##
## Platform. ##
## --------- ##

hostname = nghia-GE62-6QD
uname -m = x86_64
uname -r = 4.6.0-040600rc6-generic
uname -s = Linux
uname -v = #201605012031 SMP Mon May 2 00:33:26 UTC 2016

/usr/bin/uname -p = unknown
/bin/uname -X     = unknown

/bin/arch              = unknown
/usr/bin/arch -k       = unknown
/usr/convex/getsysinfo = unknown
/usr/bin/hostinfo      = unknown
/bin/machine           = unknown
/usr/bin/oslevel       = unknown
/bin/universe          = unknown

PATH: /usr/local/gcc-arm-none-eabi-4_9-2015q1/bin
PATH: /home/nghia/repo/desktop_tools/wombat/Debug
PATH: /home/nghia/scripts
PATH: /usr/local/sbin
PATH: /usr/local/bin
PATH: /usr/sbin
PATH: /usr/bin
PATH: /sbin
PATH: /bin
PATH: /usr/games
PATH: /usr/local/games
PATH: /snap/bin


## ----------- ##
## Core tests. ##
## ----------- ##

configure:2260: checking for a BSD-compatible install
configure:2328: result: /usr/bin/install -c
configure:2339: checking whether build environment is sane
configure:2389: result: yes
configure:2530: checking for a thread-safe mkdir -p
configure:2569: result: /bin/mkdir -p
configure:2582: checking for gawk
configure:2598: found /usr/bin/gawk
configure:2609: result: gawk
configure:2620: checking whether make sets $(MAKE)
configure:2642: result: yes
configure:2753: checking build system type
configure:2767: result: x86_64-unknown-linux-gnu
configure:2787: checking host system type
configure:2800: result: x86_64-unknown-linux-gnu
configure:2832: checking for style of include used by make
configure:2860: result: GNU
configure:2930: checking for gcc
configure:2946: found /usr/bin/gcc
configure:2957: result: gcc
configure:3186: checking for C compiler version
configure:3195: gcc --version >&5
gcc (Ubuntu 5.4.0-6ubuntu1~16.04.4) 5.4.0 20160609
Copyright (C) 2015 Free Software Foundation, Inc.
This is free software; see the source for copying conditions.  There is NO
warranty; not even for MERCHANTABILITY or FITNESS FOR A PARTICULAR PURPOSE.

configure:3206: $? = 0
configure:3195: gcc -v >&5
Using built-in specs.
COLLECT_GCC=gcc
COLLECT_LTO_WRAPPER=/usr/lib/gcc/x86_64-linux-gnu/5/lto-wrapper
Target: x86_64-linux-gnu
Configured with: ../src/configure -v --with-pkgversion='Ubuntu 5.4.0-6ubuntu1~16.04.4' --with-bugurl=file:///usr/share/doc/gcc-5/README.Bugs --enable-languages=c,ada,c++,java,go,d,fortran,objc,obj-c++ --prefix=/usr --program-suffix=-5 --enable-shared --enable-linker-build-id --libexecdir=/usr/lib --without-included-gettext --enable-threads=posix --libdir=/usr/lib --enable-nls --with-sysroot=/ --enable-clocale=gnu --enable-libstdcxx-debug --enable-libstdcxx-time=yes --with-default-libstdcxx-abi=new --enable-gnu-unique-object --disable-vtable-verify --enable-libmpx --enable-plugin --with-system-zlib --disable-browser-plugin --enable-java-awt=gtk --enable-gtk-cairo --with-java-home=/usr/lib/jvm/java-1.5.0-gcj-5-amd64/jre --enable-java-home --with-jvm-root-dir=/usr/lib/jvm/java-1.5.0-gcj-5-amd64 --with-jvm-jar-dir=/usr/lib/jvm-exports/java-1.5.0-gcj-5-amd64 --with-arch-directory=amd64 --with-ecj-jar=/usr/share/java/eclipse-ecj.jar --enable-objc-gc --enable-multiarch --disable-werror --with-arch-32=i686 --with-abi=m64 --with-multilib-list=m32,m64,mx32 --enable-multilib --with-tune=generic --enable-checking=release --build=x86_64-linux-gnu --host=x86_64-linux-gnu --target=x86_64-linux-gnu
Thread model: posix
gcc version 5.4.0 20160609 (Ubuntu 5.4.0-6ubuntu1~16.04.4) 
configure:3206: $? = 0
configure:3195: gcc -V >&5
gcc: error: unrecognized command line option '-V'
gcc: fatal error: no input files
compilation terminated.
configure:3206: $? = 1
configure:3195: gcc -qversion >&5
gcc: error: unrecognized command line option '-qversion'
gcc: fatal error: no input files
compilation terminated.
configure:3206: $? = 1
configure:3226: checking whether the C compiler works
configure:3248: gcc    conftest.c  >&5
configure:3252: $? = 0
configure:3300: result: yes
configure:3303: checking for C compiler default output file name
configure:3305: result: a.out
configure:3311: checking for suffix of executables
configure:3318: gcc -o conftest    conftest.c  >&5
configure:3322: $? = 0
configure:3344: result: 
configure:3366: checking whether we are cross compiling
configure:3374: gcc -o conftest    conftest.c  >&5
configure:3378: $? = 0
configure:3385: ./conftest
configure:3389: $? = 0
configure:3404: result: no
configure:3409: checking for suffix of object files
configure:3431: gcc -c   conftest.c >&5
configure:3435: $? = 0
configure:3456: result: o
configure:3460: checking whether we are using the GNU C compiler
configure:3479: gcc -c   conftest.c >&5
configure:3479: $? = 0
configure:3488: result: yes
configure:3497: checking whether gcc accepts -g
configure:3517: gcc -c -g  conftest.c >&5
configure:3517: $? = 0
configure:3558: result: yes
configure:3575: checking for gcc option to accept ISO C89
configure:3639: gcc  -c -g -O2  conftest.c >&5
configure:3639: $? = 0
configure:3652: result: none needed
configure:3674: checking dependency style of gcc
configure:3784: result: gcc3
configure:3799: checking for a sed that does not truncate output
configure:3863: result: /bin/sed
configure:3881: checking for grep that handles long lines and -e
configure:3939: result: /bin/grep
configure:3944: checking for egrep
configure:4006: result: /bin/grep -E
configure:4011: checking for fgrep
configure:4073: result: /bin/grep -F
configure:4108: checking for ld used by gcc
configure:4175: result: /usr/bin/ld
configure:4182: checking if the linker (/usr/bin/ld) is GNU ld
configure:4197: result: yes
configure:4209: checking for BSD- or MS-compatible name lister (nm)
configure:4258: result: /usr/bin/nm -B
configure:4376: checking the name lister (/usr/bin/nm -B) interface
configure:4383: gcc -c -g -O2  conftest.c >&5
configure:4386: /usr/bin/nm -B "conftest.o"
configure:4389: output
0000000000000000 B some_variable
configure:4396: result: BSD nm
configure:4399: checking whether ln -s works
configure:4403: result: yes
configure:4411: checking the maximum length of command line arguments
configure:4531: result: 1572864
configure:4548: checking whether the shell understands some XSI constructs
configure:4558: result: yes
configure:4562: checking whether the shell understands "+="
configure:4568: result: yes
configure:4603: checking for /usr/bin/ld option to reload object files
configure:4610: result: -r
configure:4679: checking for objdump
configure:4695: found /usr/bin/objdump
configure:4706: result: objdump
configure:4738: checking how to recognize dependent libraries
configure:4934: result: pass_all
configure:4994: checking for ar
configure:5010: found /usr/bin/ar
configure:5021: result: ar
configure:5099: checking for strip
configure:5115: found /usr/bin/strip
configure:5126: result: strip
configure:5198: checking for ranlib
configure:5214: found /usr/bin/ranlib
configure:5225: result: ranlib
configure:5315: checking command to parse /usr/bin/nm -B output from gcc object
configure:5433: gcc -c -g -O2  conftest.c >&5
configure:5436: $? = 0
configure:5440: /usr/bin/nm -B conftest.o \| sed -n -e 's/^.*[	 ]\([ABCDGIRSTW][ABCDGIRSTW]*\)[	 ][	 ]*\([_A-Za-z][_A-Za-z0-9]*\)$/\1 \2 \2/p' \> conftest.nm
configure:5443: $? = 0
configure:5497: gcc -o conftest -g -O2   conftest.c conftstm.o >&5
configure:5500: $? = 0
configure:5538: result: ok
configure:5634: gcc -c -g -O2  conftest.c >&5
configure:5637: $? = 0
configure:6347: checking how to run the C preprocessor
configure:6378: gcc -E  conftest.c
configure:6378: $? = 0
configure:6392: gcc -E  conftest.c
conftest.c:11:28: fatal error: ac_nonexistent.h: No such file or directory
compilation terminated.
configure:6392: $? = 1
configure: failed program was:
| /* confdefs.h */
| #define PACKAGE_NAME "lmfit"
| #define PACKAGE_TARNAME "lmfit"
| #define PACKAGE_VERSION "3:2:0"
| #define PACKAGE_STRING "lmfit 3:2:0"
| #define PACKAGE_BUGREPORT "http://www.messen-und-deuten.de/lmfit"
| #define PACKAGE_URL ""
| #define PACKAGE "lmfit"
| #define VERSION "3:2:0"
| /* end confdefs.h.  */
| #include <ac_nonexistent.h>
configure:6417: result: gcc -E
configure:6437: gcc -E  conftest.c
configure:6437: $? = 0
configure:6451: gcc -E  conftest.c
conftest.c:11:28: fatal error: ac_nonexistent.h: No such file or directory
compilation terminated.
configure:6451: $? = 1
configure: failed program was:
| /* confdefs.h */
| #define PACKAGE_NAME "lmfit"
| #define PACKAGE_TARNAME "lmfit"
| #define PACKAGE_VERSION "3:2:0"
| #define PACKAGE_STRING "lmfit 3:2:0"
| #define PACKAGE_BUGREPORT "http://www.messen-und-deuten.de/lmfit"
| #define PACKAGE_URL ""
| #define PACKAGE "lmfit"
| #define VERSION "3:2:0"
| /* end confdefs.h.  */
| #include <ac_nonexistent.h>
configure:6480: checking for ANSI C header files
configure:6500: gcc -c -g -O2  conftest.c >&5
configure:6500: $? = 0
configure:6573: gcc -o conftest -g -O2   conftest.c  >&5
configure:6573: $? = 0
configure:6573: ./conftest
configure:6573: $? = 0
configure:6584: result: yes
configure:6597: checking for sys/types.h
configure:6597: gcc -c -g -O2  conftest.c >&5
configure:6597: $? = 0
configure:6597: result: yes
configure:6597: checking for sys/stat.h
configure:6597: gcc -c -g -O2  conftest.c >&5
configure:6597: $? = 0
configure:6597: result: yes
configure:6597: checking for stdlib.h
configure:6597: gcc -c -g -O2  conftest.c >&5
configure:6597: $? = 0
configure:6597: result: yes
configure:6597: checking for string.h
configure:6597: gcc -c -g -O2  conftest.c >&5
configure:6597: $? = 0
configure:6597: result: yes
configure:6597: checking for memory.h
configure:6597: gcc -c -g -O2  conftest.c >&5
configure:6597: $? = 0
configure:6597: result: yes
configure:6597: checking for strings.h
configure:6597: gcc -c -g -O2  conftest.c >&5
configure:6597: $? = 0
configure:6597: result: yes
configure:6597: checking for inttypes.h
configure:6597: gcc -c -g -O2  conftest.c >&5
configure:6597: $? = 0
configure:6597: result: yes
configure:6597: checking for stdint.h
configure:6597: gcc -c -g -O2  conftest.c >&5
configure:6597: $? = 0
configure:6597: result: yes
configure:6597: checking for unistd.h
configure:6597: gcc -c -g -O2  conftest.c >&5
configure:6597: $? = 0
configure:6597: result: yes
configure:6611: checking for dlfcn.h
configure:6611: gcc -c -g -O2  conftest.c >&5
configure:6611: $? = 0
configure:6611: result: yes
configure:6795: checking for objdir
configure:6810: result: .libs
configure:7106: checking if gcc supports -fno-rtti -fno-exceptions
configure:7124: gcc -c -g -O2  -fno-rtti -fno-exceptions conftest.c >&5
cc1: warning: command line option '-fno-rtti' is valid for C++/ObjC++ but not for C
configure:7128: $? = 0
configure:7141: result: no
configure:7161: checking for gcc option to produce PIC
configure:7433: result: -fPIC -DPIC
configure:7445: checking if gcc PIC flag -fPIC -DPIC works
configure:7463: gcc -c -g -O2  -fPIC -DPIC -DPIC conftest.c >&5
configure:7467: $? = 0
configure:7480: result: yes
configure:7504: checking if gcc static flag -static works
configure:7532: result: yes
configure:7547: checking if gcc supports -c -o file.o
configure:7568: gcc -c -g -O2  -o out/conftest2.o conftest.c >&5
configure:7572: $? = 0
configure:7594: result: yes
configure:7602: checking if gcc supports -c -o file.o
configure:7649: result: yes
configure:7682: checking whether the gcc linker (/usr/bin/ld -m elf_x86_64) supports shared libraries
configure:8673: result: yes
configure:8710: checking whether -lc should be explicitly linked in
configure:8715: gcc -c -g -O2  conftest.c >&5
configure:8718: $? = 0
configure:8733: gcc -shared conftest.o  -v -Wl,-soname -Wl,conftest -o conftest 2\>\&1 \| /bin/grep  -lc  \>/dev/null 2\>\&1
configure:8736: $? = 0
configure:8748: result: no
configure:8912: checking dynamic linker characteristics
configure:9345: gcc -o conftest -g -O2   -Wl,-rpath -Wl,/foo conftest.c  >&5
configure:9345: $? = 0
configure:9575: result: GNU/Linux ld.so
configure:9677: checking how to hardcode library paths into programs
configure:9702: result: immediate
configure:10222: checking whether stripping libraries is possible
configure:10227: result: yes
configure:10262: checking if libtool supports shared libraries
configure:10264: result: yes
configure:10267: checking whether to build shared libraries
configure:10288: result: yes
configure:10291: checking whether to build static libraries
configure:10295: result: yes
configure:10378: checking for gcc
configure:10405: result: gcc
configure:10634: checking for C compiler version
configure:10643: gcc --version >&5
gcc (Ubuntu 5.4.0-6ubuntu1~16.04.4) 5.4.0 20160609
Copyright (C) 2015 Free Software Foundation, Inc.
This is free software; see the source for copying conditions.  There is NO
warranty; not even for MERCHANTABILITY or FITNESS FOR A PARTICULAR PURPOSE.

configure:10654: $? = 0
configure:10643: gcc -v >&5
Using built-in specs.
COLLECT_GCC=gcc
COLLECT_LTO_WRAPPER=/usr/lib/gcc/x86_64-linux-gnu/5/lto-wrapper
Target: x86_64-linux-gnu
Configured with: ../src/configure -v --with-pkgversion='Ubuntu 5.4.0-6ubuntu1~16.04.4' --with-bugurl=file:///usr/share/doc/gcc-5/README.Bugs --enable-languages=c,ada,c++,java,go,d,fortran,objc,obj-c++ --prefix=/usr --program-suffix=-5 --enable-shared --enable-linker-build-id --libexecdir=/usr/lib --without-included-gettext --enable-threads=posix --libdir=/usr/lib --enable-nls --with-sysroot=/ --enable-clocale=gnu --enable-libstdcxx-debug --enable-libstdcxx-time=yes --with-default-libstdcxx-abi=new --enable-gnu-unique-object --disable-vtable-verify --enable-libmpx --enable-plugin --with-system-zlib --disable-browser-plugin --enable-java-awt=gtk --enable-gtk-cairo --with-java-home=/usr/lib/jvm/java-1.5.0-gcj-5-amd64/jre --enable-java-home --with-jvm-root-dir=/usr/lib/jvm/java-1.5.0-gcj-5-amd64 --with-jvm-jar-dir=/usr/lib/jvm-exports/java-1.5.0-gcj-5-amd64 --with-arch-directory=amd64 --with-ecj-jar=/usr/share/java/eclipse-ecj.jar --enable-objc-gc --enable-multiarch --disable-werror --with-arch-32=i686 --with-abi=m64 --with-multilib-list=m32,m64,mx32 --enable-multilib --with-tune=generic --enable-checking=release --build=x86_64-linux-gnu --host=x86_64-linux-gnu --target=x86_64-linux-gnu
Thread model: posix
gcc version 5.4.0 20160609 (Ubuntu 5.4.0-6ubuntu1~16.04.4) 
configure:10654: $? = 0
configure:10643: gcc -V >&5
gcc: error: unrecognized command line option '-V'
gcc: fatal error: no input files
compilation terminated.
configure:10654: $? = 1
configure:10643: gcc -qversion >&5
gcc: error: unrecognized command line option '-qversion'
gcc: fatal error: no input files
compilation terminated.
configure:10654: $? = 1
configure:10658: checking whether we are using the GNU C compiler
configure:10686: result: yes
configure:10695: checking whether gcc accepts -g
configure:10756: result: yes
configure:10773: checking for gcc option to accept ISO C89
configure:10850: result: none needed
configure:10872: checking dependency style of gcc
configure:10982: result: gcc3
configure:11123: creating ./config.status

## ---------------------- ##
## Running config.status. ##
## ---------------------- ##

This file was extended by lmfit config.status 3:2:0, which was
generated by GNU Autoconf 2.67.  Invocation command line was

  CONFIG_FILES    = 
  CONFIG_HEADERS  = 
  CONFIG_LINKS    = 
  CONFIG_COMMANDS = 
  $ ./config.status 

on nghia-GE62-6QD

config.status:1071: creating Makefile
config.status:1071: creating lib/Makefile
config.status:1071: creating demo/Makefile
config.status:1071: creating doc/Makefile
config.status:1071: creating config.h
config.status:1251: config.h is unchanged
config.status:1299: executing depfiles commands
config.status:1299: executing libtool commands

## ---------------- ##
## Cache variables. ##
## ---------------- ##

ac_cv_build=x86_64-unknown-linux-gnu
ac_cv_c_compiler_gnu=yes
ac_cv_env_CC_set=
ac_cv_env_CC_value=
ac_cv_env_CFLAGS_set=
ac_cv_env_CFLAGS_value=
ac_cv_env_CPPFLAGS_set=
ac_cv_env_CPPFLAGS_value=
ac_cv_env_CPP_set=
ac_cv_env_CPP_value=
ac_cv_env_LDFLAGS_set=
ac_cv_env_LDFLAGS_value=
ac_cv_env_LIBS_set=
ac_cv_env_LIBS_value=
ac_cv_env_build_alias_set=
ac_cv_env_build_alias_value=
ac_cv_env_host_alias_set=
ac_cv_env_host_alias_value=
ac_cv_env_target_alias_set=
ac_cv_env_target_alias_value=
ac_cv_header_dlfcn_h=yes
ac_cv_header_inttypes_h=yes
ac_cv_header_memory_h=yes
ac_cv_header_stdc=yes
ac_cv_header_stdint_h=yes
ac_cv_header_stdlib_h=yes
ac_cv_header_string_h=yes
ac_cv_header_strings_h=yes
ac_cv_header_sys_stat_h=yes
ac_cv_header_sys_types_h=yes
ac_cv_header_unistd_h=yes
ac_cv_host=x86_64-unknown-linux-gnu
ac_cv_objext=o
ac_cv_path_EGREP='/bin/grep -E'
ac_cv_path_FGREP='/bin/grep -F'
ac_cv_path_GREP=/bin/grep
ac_cv_path_SED=/bin/sed
ac_cv_path_install='/usr/bin/install -c'
ac_cv_path_mkdir=/bin/mkdir
ac_cv_prog_AWK=gawk
ac_cv_prog_CPP='gcc -E'
ac_cv_prog_ac_ct_AR=ar
ac_cv_prog_ac_ct_CC=gcc
ac_cv_prog_ac_ct_OBJDUMP=objdump
ac_cv_prog_ac_ct_RANLIB=ranlib
ac_cv_prog_ac_ct_STRIP=strip
ac_cv_prog_cc_c89=
ac_cv_prog_cc_g=yes
ac_cv_prog_make_make_set=yes
am_cv_CC_dependencies_compiler_type=gcc3
lt_cv_deplibs_check_method=pass_all
lt_cv_file_magic_cmd='$MAGIC_CMD'
lt_cv_file_magic_test_file=
lt_cv_ld_reload_flag=-r
lt_cv_nm_interface='BSD nm'
lt_cv_objdir=.libs
lt_cv_path_LD=/usr/bin/ld
lt_cv_path_NM='/usr/bin/nm -B'
lt_cv_prog_compiler_c_o=yes
lt_cv_prog_compiler_pic_works=yes
lt_cv_prog_compiler_rtti_exceptions=no
lt_cv_prog_compiler_static_works=yes
lt_cv_prog_gnu_ld=yes
lt_cv_sys_global_symbol_pipe='sed -n -e '\''s/^.*[	 ]\([ABCDGIRSTW][ABCDGIRSTW]*\)[	 ][	 ]*\([_A-Za-z][_A-Za-z0-9]*\)$/\1 \2 \2/p'\'''
lt_cv_sys_global_symbol_to_c_name_address='sed -n -e '\''s/^: \([^ ]*\) $/  {\"\1\", (void *) 0},/p'\'' -e '\''s/^[ABCDGIRSTW]* \([^ ]*\) \([^ ]*\)$/  {"\2", (void *) \&\2},/p'\'''
lt_cv_sys_global_symbol_to_c_name_address_lib_prefix='sed -n -e '\''s/^: \([^ ]*\) $/  {\"\1\", (void *) 0},/p'\'' -e '\''s/^[ABCDGIRSTW]* \([^ ]*\) \(lib[^ ]*\)$/  {"\2", (void *) \&\2},/p'\'' -e '\''s/^[ABCDGIRSTW]* \([^ ]*\) \([^ ]*\)$/  {"lib\2", (void *) \&\2},/p'\'''
lt_cv_sys_global_symbol_to_cdecl='sed -n -e '\''s/^T .* \(.*\)$/extern int \1();/p'\'' -e '\''s/^[ABCDGIRSTW]* .* \(.*\)$/extern char \1;/p'\'''
lt_cv_sys_max_cmd_len=1572864

## ----------------- ##
## Output variables. ##
## ----------------- ##

ACLOCAL='${SHELL} /home/nghia/Projects/RunSFM/lmfit-3.2/build-aux/missing --run aclocal-1.11'
AMDEPBACKSLASH='\'
AMDEP_FALSE='#'
AMDEP_TRUE=''
AMTAR='${SHELL} /home/nghia/Projects/RunSFM/lmfit-3.2/build-aux/missing --run tar'
AR='ar'
AUTOCONF='${SHELL} /home/nghia/Projects/RunSFM/lmfit-3.2/build-aux/missing --run autoconf'
AUTOHEADER='${SHELL} /home/nghia/Projects/RunSFM/lmfit-3.2/build-aux/missing --run autoheader'
AUTOMAKE='${SHELL} /home/nghia/Projects/RunSFM/lmfit-3.2/build-aux/missing --run automake-1.11'
AWK='gawk'
CC='gcc'
CCDEPMODE='depmode=gcc3'
CFLAGS='-g -O2'
CPP='gcc -E'
CPPFLAGS=''
CYGPATH_W='echo'
DEFS='-DHAVE_CONFIG_H'
DEPDIR='.deps'
DSYMUTIL=''
DUMPBIN=''
ECHO_C=''
ECHO_N='-n'
ECHO_T=''
EGREP='/bin/grep -E'
EXEEXT=''
FGREP='/bin/grep -F'
GREP='/bin/grep'
INSTALL_DATA='${INSTALL} -m 644'
INSTALL_PROGRAM='${INSTALL}'
INSTALL_SCRIPT='${INSTALL}'
INSTALL_STRIP_PROGRAM='$(install_sh) -c -s'
LD='/usr/bin/ld -m elf_x86_64'
LDFLAGS=''
LIBOBJS=''
LIBS=''
LIBTOOL='$(SHELL) $(top_builddir)/libtool'
LIPO=''
LN_S='ln -s'
LTLIBOBJS=''
MAKEINFO='${SHELL} /home/nghia/Projects/RunSFM/lmfit-3.2/build-aux/missing --run makeinfo'
MKDIR_P='/bin/mkdir -p'
NM='/usr/bin/nm -B'
NMEDIT=''
OBJDUMP='objdump'
OBJEXT='o'
OTOOL64=''
OTOOL=''
PACKAGE='lmfit'
PACKAGE_BUGREPORT='http://www.messen-und-deuten.de/lmfit'
PACKAGE_NAME='lmfit'
PACKAGE_STRING='lmfit 3:2:0'
PACKAGE_TARNAME='lmfit'
PACKAGE_URL=''
PACKAGE_VERSION='3:2:0'
PATH_SEPARATOR=':'
RANLIB='ranlib'
SED='/bin/sed'
SET_MAKE=''
SHELL='/bin/bash'
STRIP='strip'
VERSION='3:2:0'
ac_ct_CC='gcc'
ac_ct_DUMPBIN=''
am__EXEEXT_FALSE=''
am__EXEEXT_TRUE='#'
am__fastdepCC_FALSE='#'
am__fastdepCC_TRUE=''
am__include='include'
am__isrc=''
am__leading_dot='.'
am__quote=''
am__tar='${AMTAR} chof - "$$tardir"'
am__untar='${AMTAR} xf -'
bindir='${exec_prefix}/bin'
build='x86_64-unknown-linux-gnu'
build_alias=''
build_cpu='x86_64'
build_os='linux-gnu'
build_vendor='unknown'
datadir='${datarootdir}'
datarootdir='${prefix}/share'
docdir='${datarootdir}/doc/${PACKAGE_TARNAME}'
dvidir='${docdir}'
exec_prefix='${prefix}'
host='x86_64-unknown-linux-gnu'
host_alias=''
host_cpu='x86_64'
host_os='linux-gnu'
host_vendor='unknown'
htmldir='${docdir}'
includedir='${prefix}/include'
infodir='${datarootdir}/info'
install_sh='${SHELL} /home/nghia/Projects/RunSFM/lmfit-3.2/build-aux/install-sh'
libdir='${exec_prefix}/lib'
libexecdir='${exec_prefix}/libexec'
localedir='${datarootdir}/locale'
localstatedir='${prefix}/var'
lt_ECHO='echo'
mandir='${datarootdir}/man'
mkdir_p='/bin/mkdir -p'
oldincludedir='/usr/include'
pdfdir='${docdir}'
prefix='/usr/local'
program_transform_name='s,x,x,'
psdir='${docdir}'
sbindir='${exec_prefix}/sbin'
sharedstatedir='${prefix}/com'
sysconfdir='${prefix}/etc'
target_alias=''

## ----------- ##
## confdefs.h. ##
## ----------- ##

/* confdefs.h */
#define PACKAGE_NAME "lmfit"
#define PACKAGE_TARNAME "lmfit"
#define PACKAGE_VERSION "3:2:0"
#define PACKAGE_STRING "lmfit 3:2:0"
#define PACKAGE_BUGREPORT "http://www.messen-und-deuten.de/lmfit"
#define PACKAGE_URL ""
#define PACKAGE "lmfit"
#define VERSION "3:2:0"
#define STDC_HEADERS 1
#define HAVE_SYS_TYPES_H 1
#define HAVE_SYS_STAT_H 1
#define HAVE_STDLIB_H 1
#define HAVE_STRING_H 1
#define HAVE_MEMORY_H 1
#define HAVE_STRINGS_H 1
#define HAVE_INTTYPES_H 1
#define HAVE_STDINT_H 1
#define HAVE_UNISTD_H 1
#define HAVE_DLFCN_H 1
#define LT_OBJDIR ".libs/"

configure: exit 0
